[2021-11-01 13:43:56] main ------ *********************** FICHERO ford01.dat *********************** 
[2021-11-01 13:43:56] greedy ------ ///////////////////   ALGORITMO GREEDY   /////////////////// 
[2021-11-01 13:43:56] greedy ------ TIEMPO TRANSCURRIDO: 1.4981ms 
[2021-11-01 13:43:56] main ------ COSTE GREEDY: 3941 
[2021-11-01 13:43:56] main ------ VECTOR SOLUCION GREEDY: 1 7 9 6 10 11 12 5 0 3 13 17 8 19 4 18 15 14 16 2  
[2021-11-01 13:43:56] main ------                                                                        
[2021-11-01 13:43:56] DLBrandom ------ ///////////////////   ALGORITMO DLBrandom   /////////////////// 
[2021-11-01 13:43:56] DLBrandom ------ SEMILLA: 75931474 
[2021-11-01 13:43:56] DLBrandom ------ COSTE: 3780 
[2021-11-01 13:43:56] DLBrandom ------ TIEMPO TRANSCURRIDO: 1.6121ms 
[2021-11-01 13:43:56] DLBrandom ------ SEMILLA: 59314747 
[2021-11-01 13:43:56] DLBrandom ------ COSTE: 3786 
[2021-11-01 13:43:56] DLBrandom ------ TIEMPO TRANSCURRIDO: 0.7974ms 
[2021-11-01 13:43:56] DLBrandom ------ SEMILLA: 93147475 
[2021-11-01 13:43:56] DLBrandom ------ COSTE: 3801 
[2021-11-01 13:43:56] DLBrandom ------ TIEMPO TRANSCURRIDO: 0.8146ms 
[2021-11-01 13:43:56] DLBrandom ------ SEMILLA: 31474759 
[2021-11-01 13:43:56] DLBrandom ------ COSTE: 3787 
[2021-11-01 13:43:56] DLBrandom ------ TIEMPO TRANSCURRIDO: 0.794ms 
[2021-11-01 13:43:56] DLBrandom ------ SEMILLA: 14747593 
[2021-11-01 13:43:56] DLBrandom ------ COSTE: 3802 
[2021-11-01 13:43:56] DLBrandom ------ TIEMPO TRANSCURRIDO: 0.7906ms 
[2021-11-01 13:43:56] main ------ COSTE SOLUCION DLB: 3780 
[2021-11-01 13:43:56] main ------ VECTOR SOLUCION DLB: 4 1 6 0 14 16 15 13 11 3 17 9 8 12 19 5 18 7 10 2  
[2021-11-01 13:43:56] main ------                                                                        
[2021-11-01 13:43:56] multiArranque ------ ///////////////////   ALGORITMO MA   /////////////////// 
[2021-11-01 13:43:57] multiArranque ------ TIEMPO TRANSCURRIDO: 437.1409ms 
[2021-11-01 13:43:57] main ------ COSTE SOLUCION MA: 3742 
[2021-11-01 13:43:57] main ------ VECTOR SOLUCION MA: 18 16 3 2 4 8 19 11 6 1 0 5 9 10 13 12 15 7 14 17  
[2021-11-01 13:43:57] main ------                                                                        
[2021-11-01 13:43:57] main ------ *********************** FICHERO ford02.dat *********************** 
[2021-11-01 13:43:57] greedy ------ ///////////////////   ALGORITMO GREEDY   /////////////////// 
[2021-11-01 13:43:57] greedy ------ TIEMPO TRANSCURRIDO: 1.2242ms 
[2021-11-01 13:43:57] main ------ COSTE GREEDY: 33954 
[2021-11-01 13:43:57] main ------ VECTOR SOLUCION GREEDY: 5 1 2 8 3 10 7 9 17 6 11 12 0 13 4 18 16 19 15 14  
[2021-11-01 13:43:57] main ------                                                                        
[2021-11-01 13:43:57] DLBrandom ------ ///////////////////   ALGORITMO DLBrandom   /////////////////// 
[2021-11-01 13:43:57] DLBrandom ------ SEMILLA: 75931474 
[2021-11-01 13:43:57] DLBrandom ------ COSTE: 30251 
[2021-11-01 13:43:57] DLBrandom ------ TIEMPO TRANSCURRIDO: 0.4876ms 
[2021-11-01 13:43:57] DLBrandom ------ SEMILLA: 59314747 
[2021-11-01 13:43:57] DLBrandom ------ COSTE: 31218 
[2021-11-01 13:43:57] DLBrandom ------ TIEMPO TRANSCURRIDO: 0.5447ms 
[2021-11-01 13:43:57] DLBrandom ------ SEMILLA: 93147475 
[2021-11-01 13:43:57] DLBrandom ------ COSTE: 31468 
[2021-11-01 13:43:57] DLBrandom ------ TIEMPO TRANSCURRIDO: 0.452ms 
[2021-11-01 13:43:57] DLBrandom ------ SEMILLA: 31474759 
[2021-11-01 13:43:57] DLBrandom ------ COSTE: 31156 
[2021-11-01 13:43:57] DLBrandom ------ TIEMPO TRANSCURRIDO: 0.4811ms 
[2021-11-01 13:43:57] DLBrandom ------ SEMILLA: 14747593 
[2021-11-01 13:43:57] DLBrandom ------ COSTE: 31567 
[2021-11-01 13:43:57] DLBrandom ------ TIEMPO TRANSCURRIDO: 0.4323ms 
[2021-11-01 13:43:57] main ------ COSTE SOLUCION DLB: 30251 
[2021-11-01 13:43:57] main ------ VECTOR SOLUCION DLB: 0 1 2 8 12 13 10 11 3 17 6 7 4 5 14 15 16 9 18 19  
[2021-11-01 13:43:57] main ------                                                                        
[2021-11-01 13:43:57] multiArranque ------ ///////////////////   ALGORITMO MA   /////////////////// 
[2021-11-01 13:43:57] multiArranque ------ TIEMPO TRANSCURRIDO: 476.5926ms 
[2021-11-01 13:43:57] main ------ COSTE SOLUCION MA: 27076 
[2021-11-01 13:43:57] main ------ VECTOR SOLUCION MA: 0 1 2 3 4 5 6 7 8 9 10 11 12 13 14 15 16 17 18 19  
[2021-11-01 13:43:57] main ------                                                                        
[2021-11-01 13:43:57] main ------ *********************** FICHERO ford03.dat *********************** 
[2021-11-01 13:43:57] greedy ------ ///////////////////   ALGORITMO GREEDY   /////////////////// 
[2021-11-01 13:43:57] greedy ------ TIEMPO TRANSCURRIDO: 0.4068ms 
[2021-11-01 13:43:57] main ------ COSTE GREEDY: 13806 
[2021-11-01 13:43:57] main ------ VECTOR SOLUCION GREEDY: 3 27 26 0 5 12 14 20 7 17 22 6 29 9 4 24 11 8 25 23 2 16 10 18 21 1 28 13 15 19  
[2021-11-01 13:43:57] main ------                                                                        
[2021-11-01 13:43:57] DLBrandom ------ ///////////////////   ALGORITMO DLBrandom   /////////////////// 
[2021-11-01 13:43:57] DLBrandom ------ SEMILLA: 75931474 
[2021-11-01 13:43:57] DLBrandom ------ COSTE: 13433 
[2021-11-01 13:43:57] DLBrandom ------ TIEMPO TRANSCURRIDO: 0.8706ms 
[2021-11-01 13:43:57] DLBrandom ------ SEMILLA: 59314747 
[2021-11-01 13:43:57] DLBrandom ------ COSTE: 13483 
[2021-11-01 13:43:57] DLBrandom ------ TIEMPO TRANSCURRIDO: 0.7809ms 
[2021-11-01 13:43:57] DLBrandom ------ SEMILLA: 93147475 
[2021-11-01 13:43:57] DLBrandom ------ COSTE: 13476 
[2021-11-01 13:43:57] DLBrandom ------ TIEMPO TRANSCURRIDO: 0.5482ms 
[2021-11-01 13:43:57] DLBrandom ------ SEMILLA: 31474759 
[2021-11-01 13:43:57] DLBrandom ------ COSTE: 13438 
[2021-11-01 13:43:57] DLBrandom ------ TIEMPO TRANSCURRIDO: 1.5411ms 
[2021-11-01 13:43:57] DLBrandom ------ SEMILLA: 14747593 
[2021-11-01 13:43:57] DLBrandom ------ COSTE: 13472 
[2021-11-01 13:43:57] DLBrandom ------ TIEMPO TRANSCURRIDO: 0.806ms 
[2021-11-01 13:43:57] main ------ COSTE SOLUCION DLB: 13433 
[2021-11-01 13:43:57] main ------ VECTOR SOLUCION DLB: 23 27 14 6 25 26 4 28 20 29 12 8 18 17 11 0 21 7 9 19 13 16 10 2 22 24 1 3 5 15  
[2021-11-01 13:43:57] main ------                                                                        
[2021-11-01 13:43:57] multiArranque ------ ///////////////////   ALGORITMO MA   /////////////////// 
[2021-11-01 13:43:59] multiArranque ------ TIEMPO TRANSCURRIDO: 1224.1173ms 
[2021-11-01 13:43:59] main ------ COSTE SOLUCION MA: 13375 
[2021-11-01 13:43:59] main ------ VECTOR SOLUCION MA: 8 12 10 16 24 22 23 19 28 5 21 11 13 26 2 3 17 7 18 25 27 6 14 15 20 0 4 29 9 1  
[2021-11-01 13:43:59] main ------                                                                        
[2021-11-01 13:43:59] main ------ *********************** FICHERO ford04.dat *********************** 
[2021-11-01 13:43:59] greedy ------ ///////////////////   ALGORITMO GREEDY   /////////////////// 
[2021-11-01 13:43:59] greedy ------ TIEMPO TRANSCURRIDO: 0.2296ms 
[2021-11-01 13:43:59] main ------ COSTE GREEDY: 191745 
[2021-11-01 13:43:59] main ------ VECTOR SOLUCION GREEDY: 26 1 16 3 4 0 20 12 2 6 10 24 14 28 7 13 25 17 18 19 22 21 29 8 11 23 5 27 15 9  
[2021-11-01 13:43:59] main ------                                                                        
[2021-11-01 13:43:59] DLBrandom ------ ///////////////////   ALGORITMO DLBrandom   /////////////////// 
[2021-11-01 13:43:59] DLBrandom ------ SEMILLA: 75931474 
[2021-11-01 13:43:59] DLBrandom ------ COSTE: 175465 
[2021-11-01 13:43:59] DLBrandom ------ TIEMPO TRANSCURRIDO: 0.877ms 
[2021-11-01 13:43:59] DLBrandom ------ SEMILLA: 59314747 
[2021-11-01 13:43:59] DLBrandom ------ COSTE: 151426 
[2021-11-01 13:43:59] DLBrandom ------ TIEMPO TRANSCURRIDO: 0.6821ms 
[2021-11-01 13:43:59] DLBrandom ------ SEMILLA: 93147475 
[2021-11-01 13:43:59] DLBrandom ------ COSTE: 161282 
[2021-11-01 13:43:59] DLBrandom ------ TIEMPO TRANSCURRIDO: 0.7724ms 
[2021-11-01 13:43:59] DLBrandom ------ SEMILLA: 31474759 
[2021-11-01 13:43:59] DLBrandom ------ COSTE: 177817 
[2021-11-01 13:43:59] DLBrandom ------ TIEMPO TRANSCURRIDO: 0.8399ms 
[2021-11-01 13:43:59] DLBrandom ------ SEMILLA: 14747593 
[2021-11-01 13:43:59] DLBrandom ------ COSTE: 174474 
[2021-11-01 13:43:59] DLBrandom ------ TIEMPO TRANSCURRIDO: 0.8378ms 
[2021-11-01 13:43:59] main ------ COSTE SOLUCION DLB: 151426 
[2021-11-01 13:43:59] main ------ VECTOR SOLUCION DLB: 0 1 2 3 4 5 6 7 8 9 10 11 12 13 14 15 16 17 18 19 20 21 22 23 24 25 26 27 28 29  
[2021-11-01 13:43:59] main ------                                                                        
[2021-11-01 13:43:59] multiArranque ------ ///////////////////   ALGORITMO MA   /////////////////// 
[2021-11-01 13:44:00] multiArranque ------ TIEMPO TRANSCURRIDO: 1589.3062ms 
[2021-11-01 13:44:00] main ------ COSTE SOLUCION MA: 151426 
[2021-11-01 13:44:00] main ------ VECTOR SOLUCION MA: 0 1 2 3 4 5 6 7 8 9 10 11 12 13 14 15 16 17 18 19 20 21 22 23 24 25 26 27 28 29  
[2021-11-01 13:44:00] main ------                                                                        
[2021-11-01 13:44:00] main ------ *********************** FICHERO nissan01.dat *********************** 
[2021-11-01 13:44:00] greedy ------ ///////////////////   ALGORITMO GREEDY   /////////////////// 
[2021-11-01 13:44:00] greedy ------ TIEMPO TRANSCURRIDO: 1.0658ms 
[2021-11-01 13:44:00] main ------ COSTE GREEDY: 23926646 
[2021-11-01 13:44:00] main ------ VECTOR SOLUCION GREEDY: 38 2 20 56 71 47 50 22 21 19 36 0 29 43 97 3 11 57 18 33 77 17 63 78 93 72 55 59 82 66 61 95 35 76 84 98 92 81 51 37 7 70 44 53 75 96 91 48 10 9 52 62 26 6 54 32 14 65 46 83 86 42 67 60 23 79 73 99 89 69 5 28 68 80 25 40 15 74 24 13 12 85 45 87 8 90 58 4 1 94 27 49 16 30 41 64 31 88 34 39  
[2021-11-01 13:44:00] main ------                                                                        
[2021-11-01 13:44:00] DLBrandom ------ ///////////////////   ALGORITMO DLBrandom   /////////////////// 
[2021-11-01 13:44:00] DLBrandom ------ SEMILLA: 75931474 
[2021-11-01 13:44:00] DLBrandom ------ COSTE: 21962372 
[2021-11-01 13:44:00] DLBrandom ------ TIEMPO TRANSCURRIDO: 10.8999ms 
[2021-11-01 13:44:00] DLBrandom ------ SEMILLA: 59314747 
[2021-11-01 13:44:00] DLBrandom ------ COSTE: 21912528 
[2021-11-01 13:44:00] DLBrandom ------ TIEMPO TRANSCURRIDO: 11.7709ms 
[2021-11-01 13:44:00] DLBrandom ------ SEMILLA: 93147475 
[2021-11-01 13:44:00] DLBrandom ------ COSTE: 21963234 
[2021-11-01 13:44:00] DLBrandom ------ TIEMPO TRANSCURRIDO: 13.2071ms 
[2021-11-01 13:44:00] DLBrandom ------ SEMILLA: 31474759 
[2021-11-01 13:44:00] DLBrandom ------ COSTE: 21942964 
[2021-11-01 13:44:00] DLBrandom ------ TIEMPO TRANSCURRIDO: 12.3598ms 
[2021-11-01 13:44:00] DLBrandom ------ SEMILLA: 14747593 
[2021-11-01 13:44:00] DLBrandom ------ COSTE: 21865154 
[2021-11-01 13:44:00] DLBrandom ------ TIEMPO TRANSCURRIDO: 11.7754ms 
[2021-11-01 13:44:00] main ------ COSTE SOLUCION DLB: 21865154 
[2021-11-01 13:44:00] main ------ VECTOR SOLUCION DLB: 80 40 88 19 26 59 0 47 29 56 30 61 17 21 77 95 38 82 70 97 2 53 63 85 32 54 98 15 22 27 52 51 55 89 87 12 83 9 78 50 39 3 68 62 7 90 79 48 93 35 71 86 69 6 72 84 10 16 24 25 94 41 65 44 4 14 18 23 99 11 5 8 74 43 66 28 67 13 31 46 81 76 45 92 37 1 73 34 96 60 64 49 33 75 57 42 91 36 58 20  
[2021-11-01 13:44:00] main ------                                                                        
[2021-11-01 13:44:00] multiArranque ------ ///////////////////   ALGORITMO MA   /////////////////// 
[2021-11-01 13:44:18] multiArranque ------ TIEMPO TRANSCURRIDO: 17719.9318ms 
[2021-11-01 13:44:18] main ------ COSTE SOLUCION MA: 21669342 
[2021-11-01 13:44:18] main ------ VECTOR SOLUCION MA: 66 90 9 35 16 91 47 36 74 18 96 72 46 12 54 39 31 78 19 87 41 83 69 37 7 85 55 62 28 67 32 60 84 6 13 73 21 75 61 38 48 99 44 81 34 30 80 97 64 4 23 42 15 89 93 76 14 65 49 8 22 11 77 98 86 68 50 45 88 26 3 58 1 94 70 24 40 57 52 79 0 71 5 56 25 2 20 33 59 82 27 43 53 63 29 17 92 51 95 10  
[2021-11-01 13:44:18] main ------                                                                        
[2021-11-01 13:44:18] main ------ *********************** FICHERO nissan02.dat *********************** 
[2021-11-01 13:44:18] greedy ------ ///////////////////   ALGORITMO GREEDY   /////////////////// 
[2021-11-01 13:44:18] greedy ------ TIEMPO TRANSCURRIDO: 0.709ms 
[2021-11-01 13:44:18] main ------ COSTE GREEDY: 1574846615 
[2021-11-01 13:44:18] main ------ VECTOR SOLUCION GREEDY: 42 37 46 49 81 84 28 85 65 40 86 0 44 95 57 19 75 26 80 83 58 77 22 41 66 25 74 88 70 21 73 39 7 71 3 64 96 76 24 16 60 8 72 56 11 2 29 34 4 89 1 98 52 69 30 36 12 14 91 92 18 51 13 38 23 61 55 59 93 35 10 9 63 43 20 67 94 33 87 79 47 32 17 31 82 45 50 90 6 97 48 68 54 62 15 78 27 5 53 99  
[2021-11-01 13:44:18] main ------                                                                        
[2021-11-01 13:44:18] DLBrandom ------ ///////////////////   ALGORITMO DLBrandom   /////////////////// 
[2021-11-01 13:44:18] DLBrandom ------ SEMILLA: 75931474 
[2021-11-01 13:44:18] DLBrandom ------ COSTE: 1214617590 
[2021-11-01 13:44:18] DLBrandom ------ TIEMPO TRANSCURRIDO: 19.0947ms 
[2021-11-01 13:44:18] DLBrandom ------ SEMILLA: 59314747 
[2021-11-01 13:44:18] DLBrandom ------ COSTE: 1201847811 
[2021-11-01 13:44:18] DLBrandom ------ TIEMPO TRANSCURRIDO: 18.5105ms 
[2021-11-01 13:44:18] DLBrandom ------ SEMILLA: 93147475 
[2021-11-01 13:44:18] DLBrandom ------ COSTE: 1202305878 
[2021-11-01 13:44:18] DLBrandom ------ TIEMPO TRANSCURRIDO: 16.5285ms 
[2021-11-01 13:44:18] DLBrandom ------ SEMILLA: 31474759 
[2021-11-01 13:44:18] DLBrandom ------ COSTE: 1203771192 
[2021-11-01 13:44:18] DLBrandom ------ TIEMPO TRANSCURRIDO: 16.2497ms 
[2021-11-01 13:44:18] DLBrandom ------ SEMILLA: 14747593 
[2021-11-01 13:44:18] DLBrandom ------ COSTE: 1239899794 
[2021-11-01 13:44:18] DLBrandom ------ TIEMPO TRANSCURRIDO: 17.5122ms 
[2021-11-01 13:44:18] main ------ COSTE SOLUCION DLB: 1201847811 
[2021-11-01 13:44:18] main ------ VECTOR SOLUCION DLB: 49 81 65 26 44 47 84 36 64 80 69 93 25 59 34 70 13 1 63 35 11 86 82 4 41 21 88 79 30 32 67 50 23 39 54 58 14 76 18 96 48 24 20 3 68 74 55 66 99 57 97 77 9 19 85 94 45 17 73 71 31 29 2 15 53 46 38 28 52 8 89 72 92 6 83 16 43 37 0 51 33 95 61 12 90 40 60 75 10 42 22 27 91 5 62 56 7 98 78 87  
[2021-11-01 13:44:18] main ------                                                                        
[2021-11-01 13:44:18] multiArranque ------ ///////////////////   ALGORITMO MA   /////////////////// 
[2021-11-01 13:44:24] multiArranque ------ TIEMPO TRANSCURRIDO: 5307.9999ms 
[2021-11-01 13:44:24] main ------ COSTE SOLUCION MA: 1203493831 
[2021-11-01 13:44:24] main ------ VECTOR SOLUCION MA: 1 81 51 33 44 65 70 36 64 69 84 93 95 23 76 73 9 17 20 10 71 74 75 16 48 92 88 79 30 32 67 8 38 85 46 4 29 99 72 89 15 2 52 12 68 86 98 53 28 82 6 14 5 91 42 56 77 27 40 60 43 13 7 31 18 24 37 62 63 83 66 41 55 59 80 25 0 49 94 26 47 19 21 96 11 50 45 58 78 3 90 57 39 22 61 97 35 34 54 87  
[2021-11-01 13:44:24] main ------                                                                        
[2021-11-01 13:44:24] main ------ *********************** FICHERO nissan03.dat *********************** 
[2021-11-01 13:44:24] greedy ------ ///////////////////   ALGORITMO GREEDY   /////////////////// 
[2021-11-01 13:44:24] greedy ------ TIEMPO TRANSCURRIDO: 1.9454ms 
[2021-11-01 13:44:24] main ------ COSTE GREEDY: 621314634 
[2021-11-01 13:44:24] main ------ VECTOR SOLUCION GREEDY: 110 11 23 57 106 146 140 35 51 115 50 149 27 132 77 64 8 108 13 73 59 86 142 79 113 87 122 63 37 67 145 93 25 96 68 121 100 3 91 41 131 102 62 147 129 4 118 61 21 137 130 120 135 43 69 17 78 141 111 75 28 119 31 45 90 15 7 128 81 18 48 39 94 55 12 70 98 24 126 133 52 16 19 82 134 101 143 56 104 53 124 30 99 36 40 60 109 80 72 22 0 34 14 112 1 49 83 32 114 144 38 89 10 116 97 117 29 136 71 103 148 65 26 84 123 105 20 107 74 54 127 66 9 139 5 95 125 138 88 42 44 58 85 47 6 46 2 33 76 92  
[2021-11-01 13:44:24] main ------                                                                        
[2021-11-01 13:44:24] DLBrandom ------ ///////////////////   ALGORITMO DLBrandom   /////////////////// 
[2021-11-01 13:44:24] DLBrandom ------ SEMILLA: 75931474 
[2021-11-01 13:44:24] DLBrandom ------ COSTE: 515894054 
[2021-11-01 13:44:24] DLBrandom ------ TIEMPO TRANSCURRIDO: 65.4194ms 
[2021-11-01 13:44:24] DLBrandom ------ SEMILLA: 59314747 
[2021-11-01 13:44:24] DLBrandom ------ COSTE: 512117451 
[2021-11-01 13:44:24] DLBrandom ------ TIEMPO TRANSCURRIDO: 62.951ms 
[2021-11-01 13:44:24] DLBrandom ------ SEMILLA: 93147475 
[2021-11-01 13:44:24] DLBrandom ------ COSTE: 516915763 
[2021-11-01 13:44:24] DLBrandom ------ TIEMPO TRANSCURRIDO: 61.3208ms 
[2021-11-01 13:44:24] DLBrandom ------ SEMILLA: 31474759 
[2021-11-01 13:44:24] DLBrandom ------ COSTE: 519260530 
[2021-11-01 13:44:24] DLBrandom ------ TIEMPO TRANSCURRIDO: 49.1966ms 
[2021-11-01 13:44:24] DLBrandom ------ SEMILLA: 14747593 
[2021-11-01 13:44:24] DLBrandom ------ COSTE: 514448749 
[2021-11-01 13:44:24] DLBrandom ------ TIEMPO TRANSCURRIDO: 59.6728ms 
[2021-11-01 13:44:24] main ------ COSTE SOLUCION DLB: 512117451 
[2021-11-01 13:44:24] main ------ VECTOR SOLUCION DLB: 89 11 132 102 82 7 146 149 31 114 46 124 53 29 142 108 32 71 92 103 113 141 36 104 77 35 109 67 93 131 68 125 27 30 39 55 73 137 101 87 13 121 41 90 43 129 0 12 91 40 127 33 106 52 111 75 63 99 117 3 15 61 80 110 14 105 88 23 1 47 78 8 86 134 60 76 56 122 143 4 18 118 64 37 48 19 24 59 57 50 26 98 34 123 120 130 138 28 107 21 79 45 54 72 22 49 16 133 2 140 97 144 116 6 119 139 128 84 70 10 51 135 17 9 42 115 5 25 20 148 100 69 147 112 94 74 81 136 38 66 145 44 62 95 126 83 65 85 58 96  
[2021-11-01 13:44:24] main ------                                                                        
[2021-11-01 13:44:24] multiArranque ------ ///////////////////   ALGORITMO MA   /////////////////// 
[2021-11-01 13:44:28] multiArranque ------ TIEMPO TRANSCURRIDO: 3315.5143ms 
[2021-11-01 13:44:28] main ------ COSTE SOLUCION MA: 513287982 
[2021-11-01 13:44:28] main ------ VECTOR SOLUCION MA: 58 11 29 78 122 64 114 146 72 5 50 60 92 102 132 81 46 53 145 108 31 87 103 67 48 18 118 63 79 36 143 106 140 126 3 76 112 62 66 51 110 95 89 37 42 125 43 28 90 141 120 131 34 142 113 0 77 68 94 80 97 93 45 13 84 96 136 91 12 47 20 73 116 121 40 100 57 26 107 9 115 24 56 54 144 19 27 135 30 104 59 134 21 74 129 147 127 99 111 124 4 33 138 75 14 83 85 82 25 98 69 71 117 44 65 55 148 61 133 39 17 119 86 105 52 130 22 49 88 41 101 137 123 1 15 139 6 7 149 128 109 70 38 23 35 32 10 16 8 2  
[2021-11-01 13:44:28] main ------                                                                        
[2021-11-01 13:44:28] main ------ *********************** FICHERO nissan04.dat *********************** 
[2021-11-01 13:44:28] greedy ------ ///////////////////   ALGORITMO GREEDY   /////////////////// 
[2021-11-01 13:44:28] greedy ------ TIEMPO TRANSCURRIDO: 2.468ms 
[2021-11-01 13:44:28] main ------ COSTE GREEDY: 98685678 
[2021-11-01 13:44:28] main ------ VECTOR SOLUCION GREEDY: 0 1 2 3 4 5 6 7 8 9 10 11 12 13 14 15 16 17 18 19 20 21 22 23 24 25 26 27 28 29 30 31 32 33 34 35 36 37 38 39 40 41 42 43 44 45 46 47 48 49 50 51 52 53 54 55 56 57 58 59 60 61 62 63 64 65 66 67 68 69 70 71 72 73 74 75 76 77 78 79 80 81 82 83 84 85 86 87 88 89 90 91 92 93 94 95 96 97 98 99 100 101 102 103 104 105 106 107 108 109 110 111 112 113 114 115 116 117 118 119 120 121 122 123 124 125 126 127 128 129 130 131 132 133 134 135 136 137 138 139 140 141 142 143 144 145 146 147 148 149 150 151 152 153 154 155 156 157 158 159 160 161 162 163 164 165 166 167 168 169 170 171 172 173 174 175 176 177 178 179 180 181 182 183 184 185 186 187 188 189 190 191 192 193 194 195 196 197 198 199 200 201 202 203 204 205 206 207 208 209 210 211 212 213 214 215 216 217 218 219 220 221 222 223 224 225 226 227 228 229 230 231 232 233 234 235 236 237 238 239 240 241 242 243 244 245 246 247 248 249 250 251 252 253 254 255  
[2021-11-01 13:44:28] main ------                                                                        
[2021-11-01 13:44:28] DLBrandom ------ ///////////////////   ALGORITMO DLBrandom   /////////////////// 
[2021-11-01 13:44:28] DLBrandom ------ SEMILLA: 75931474 
[2021-11-01 13:44:28] DLBrandom ------ COSTE: 44975962 
[2021-11-01 13:44:28] DLBrandom ------ TIEMPO TRANSCURRIDO: 237.8472ms 
[2021-11-01 13:44:28] DLBrandom ------ SEMILLA: 59314747 
[2021-11-01 13:44:28] DLBrandom ------ COSTE: 44970904 
[2021-11-01 13:44:28] DLBrandom ------ TIEMPO TRANSCURRIDO: 225.2753ms 
[2021-11-01 13:44:28] DLBrandom ------ SEMILLA: 93147475 
[2021-11-01 13:44:28] DLBrandom ------ COSTE: 44940302 
[2021-11-01 13:44:28] DLBrandom ------ TIEMPO TRANSCURRIDO: 220.5041ms 
[2021-11-01 13:44:28] DLBrandom ------ SEMILLA: 31474759 
[2021-11-01 13:44:29] DLBrandom ------ COSTE: 44942918 
[2021-11-01 13:44:29] DLBrandom ------ TIEMPO TRANSCURRIDO: 227.2976ms 
[2021-11-01 13:44:29] DLBrandom ------ SEMILLA: 14747593 
[2021-11-01 13:44:29] DLBrandom ------ COSTE: 44968558 
[2021-11-01 13:44:29] DLBrandom ------ TIEMPO TRANSCURRIDO: 230.2328ms 
[2021-11-01 13:44:29] main ------ COSTE SOLUCION DLB: 44940302 
[2021-11-01 13:44:29] main ------ VECTOR SOLUCION DLB: 226 10 154 203 171 82 240 128 182 194 151 201 184 119 188 137 104 18 199 229 254 211 244 191 192 147 35 205 126 111 197 44 218 122 50 165 233 132 214 209 13 48 157 169 99 134 222 113 108 140 1 37 69 16 231 76 3 237 130 59 78 24 61 84 102 65 41 91 27 30 159 220 179 56 239 47 162 93 160 54 80 22 5 248 117 7 174 87 52 89 251 74 101 62 81 63 60 64 73 94 75 11 70 95 40 38 85 4 83 234 235 79 23 86 107 19 161 17 92 118 77 121 110 152 167 141 127 100 178 212 68 225 115 129 168 31 232 180 67 25 21 190 131 36 206 223 125 2 53 103 200 255 208 153 210 204 139 156 133 143 112 32 105 247 163 146 193 88 195 252 173 172 170 28 158 175 144 39 45 148 249 55 238 216 185 219 51 46 245 177 136 33 230 58 221 207 196 181 213 114 90 142 42 71 14 155 183 29 253 164 198 26 0 228 20 215 15 217 123 109 124 202 97 176 224 57 242 227 166 106 138 49 150 189 72 149 116 236 120 243 187 241 186 9 98 12 246 34 96 43 250 8 135 66 6 145  
[2021-11-01 13:44:29] main ------                                                                        
[2021-11-01 13:44:29] multiArranque ------ ///////////////////   ALGORITMO MA   /////////////////// 
[2021-11-01 13:46:22] multiArranque ------ TIEMPO TRANSCURRIDO: 112899.5885ms 
[2021-11-01 13:46:22] main ------ COSTE SOLUCION MA: 44880722 
[2021-11-01 13:46:22] main ------ VECTOR SOLUCION MA: 227 154 178 173 242 248 188 130 168 143 6 66 200 221 158 191 180 212 236 234 197 245 106 231 163 210 132 193 255 14 109 124 136 161 4 96 219 202 149 18 151 1 139 251 126 121 144 41 115 118 113 33 24 12 29 208 26 36 16 206 217 9 46 43 21 51 166 214 48 61 156 79 101 238 185 69 58 38 98 55 171 73 94 225 84 183 76 91 86 88 103 81 87 53 85 77 90 134 95 49 83 131 75 99 104 19 102 65 97 105 32 52 100 40 54 93 30 89 57 67 20 23 31 50 80 62 42 63 110 34 37 45 125 108 22 82 39 35 59 64 28 120 78 56 140 128 27 112 72 172 133 129 159 17 116 135 160 157 123 107 145 13 137 70 60 150 71 138 152 68 146 153 155 147 175 142 164 5 162 0 122 25 127 179 167 182 148 189 184 186 119 177 169 47 196 114 2 198 165 192 190 194 204 253 203 111 176 44 201 205 170 181 215 199 7 117 216 187 174 74 92 223 207 218 211 220 224 228 226 195 3 229 213 15 243 10 237 232 209 233 230 235 8 240 250 241 11 247 244 239 222 246 141 252 254 249  
[2021-11-01 13:46:22] main ------                                                                        
[2021-11-01 13:46:22] main ------ TIEMPO TRANSCURRIDO TOTAL: 145482.4521ms 
